{"meta": {"format": 3, "version": "7.14.1", "timestamp": "2026-06-03T17:12:41.916397", "branch_coverage": false, "show_contexts": false}, "files": {"tests/test_smoke.py": {"executed_lines": [1, 2], "summary": {"covered_lines": 2, "num_statements": 2, "percent_covered": 100.0, "percent_covered_display": "100", "missing_lines": 0, "excluded_lines": 0, "percent_statements_covered": 100.0, "percent_statements_covered_display": "100"}, "missing_lines": [], "excluded_lines": [], "functions": {"test_smoke": {"executed_lines": [2], "summary": {"covered_lines": 1, "num_statements": 1, "percent_covered": 100.0, "percent_covered_display": "100", "missing_lines": 0, "excluded_lines": 0, "percent_statements_covered": 100.0, "percent_statements_covered_display": "100"}, "missing_lines": [], "excluded_lines": [], "start_line": 1}, "": {"executed_lines": [1], "summary": {"covered_lines": 1, "num_statements": 1, "percent_covered": 100.0, "percent_covered_display": "100", "missing_lines": 0, "excluded_lines": 0, "percent_statements_covered": 100.0, "percent_statements_covered_display": "100"}, "missing_lines": [], "excluded_lines": [], "start_line": 1}}, "classes": {"": {"executed_lines": [1, 2], "summary": {"covered_lines": 2, "num_statements": 2, "percent_covered": 100.0, "percent_covered_display": "100", "missing_lines": 0, "excluded_lines": 0, "percent_statements_covered": 100.0, "percent_statements_covered_display": "100"}, "missing_lines": [], "excluded_lines": [], "start_line": 1}}}, "update-versions.py": {"executed_lines": [], "summary": {"covered_lines": 0, "num_statements": 644, "percent_covered": 0.0, "percent_covered_display": "0", "missing_lines": 644, "excluded_lines": 0, "percent_statements_covered": 0.0, "percent_statements_covered_display": "0"}, "missing_lines": [42, 43, 44, 45, 46, 47, 48, 49, 52, 53, 54, 55, 56, 58, 59, 60, 61, 62, 63, 64, 65, 66, 67, 68, 69, 70, 73, 74, 75, 76, 78, 79, 80, 81, 82, 84, 85, 86, 87, 88, 89, 90, 91, 92, 93, 96, 97, 98, 99, 100, 101, 102, 103, 106, 108, 109, 110, 111, 112, 113, 114, 115, 117, 119, 120, 121, 122, 123, 124, 125, 126, 127, 128, 129, 130, 131, 133, 135, 136, 137, 138, 139, 140, 141, 142, 143, 144, 145, 148, 150, 151, 152, 153, 154, 156, 157, 158, 160, 162, 166, 167, 170, 174, 175, 176, 177, 178, 179, 180, 181, 183, 185, 186, 187, 188, 190, 191, 192, 194, 195, 199, 200, 201, 205, 206, 207, 208, 209, 210, 212, 214, 215, 216, 217, 218, 219, 220, 221, 222, 223, 224, 225, 226, 228, 230, 231, 232, 233, 234, 235, 236, 237, 238, 239, 240, 241, 242, 244, 246, 247, 248, 249, 250, 252, 253, 254, 255, 256, 257, 258, 259, 260, 261, 262, 263, 264, 265, 266, 267, 268, 269, 270, 271, 272, 273, 274, 275, 276, 277, 278, 279, 280, 281, 282, 283, 284, 285, 286, 287, 288, 289, 290, 291, 292, 293, 294, 296, 297, 299, 300, 301, 302, 303, 305, 307, 308, 309, 310, 311, 312, 313, 314, 315, 316, 317, 318, 319, 320, 321, 322, 323, 324, 325, 326, 327, 328, 329, 330, 331, 332, 333, 334, 335, 336, 337, 338, 339, 340, 341, 342, 343, 344, 345, 346, 347, 348, 349, 350, 351, 352, 353, 354, 355, 357, 359, 360, 363, 364, 367, 369, 370, 371, 372, 373, 374, 375, 376, 377, 379, 380, 381, 382, 383, 386, 388, 389, 392, 393, 394, 395, 396, 397, 398, 399, 401, 403, 404, 407, 408, 409, 410, 411, 412, 413, 415, 417, 418, 421, 423, 424, 425, 426, 427, 428, 430, 431, 432, 433, 434, 435, 436, 438, 439, 440, 441, 446, 447, 448, 450, 451, 452, 453, 454, 455, 457, 458, 459, 460, 462, 463, 464, 465, 466, 467, 468, 469, 471, 472, 473, 474, 475, 476, 477, 478, 479, 480, 481, 483, 485, 486, 488, 490, 491, 492, 496, 497, 499, 501, 502, 503, 504, 506, 507, 508, 509, 511, 512, 513, 514, 515, 516, 517, 518, 519, 521, 522, 523, 524, 526, 527, 529, 531, 532, 533, 534, 535, 536, 537, 538, 539, 540, 541, 543, 544, 545, 546, 547, 549, 550, 552, 554, 555, 556, 557, 558, 559, 561, 563, 567, 569, 573, 575, 576, 577, 578, 579, 580, 582, 583, 584, 585, 586, 588, 589, 590, 592, 594, 595, 596, 597, 599, 602, 604, 605, 606, 607, 608, 609, 610, 611, 612, 613, 614, 615, 616, 618, 620, 621, 623, 624, 625, 626, 627, 628, 629, 630, 631, 632, 633, 634, 636, 640, 641, 642, 643, 645, 647, 648, 649, 650, 651, 652, 653, 654, 655, 656, 658, 659, 661, 662, 663, 664, 665, 666, 667, 668, 671, 672, 674, 676, 677, 679, 680, 682, 683, 684, 685, 687, 689, 692, 695, 696, 697, 698, 699, 700, 701, 704, 707, 708, 710, 713, 717, 718, 720, 721, 724, 737, 738, 741, 742, 743, 744, 746, 747, 748, 749, 751, 752, 755, 756, 757, 758, 759, 760, 762, 763, 772, 773, 774, 776, 778, 779, 781, 783, 784, 785, 786, 789, 790, 791, 792, 793, 794, 796, 797, 798, 800, 801, 803, 806, 808, 809, 811, 813, 814, 816, 818, 819, 820, 821, 823, 825, 826, 827, 828, 830, 832, 833, 834, 836, 837, 838, 839, 840, 843, 844, 845, 846, 849, 852, 853, 854, 855, 856, 857, 860, 861, 862, 863, 865, 866, 867, 869, 870, 872, 873, 874, 875, 876, 877, 878, 879, 880, 883, 884, 885, 886, 889, 890, 891, 892, 893, 895, 897, 898, 899, 901, 902, 903, 906, 907, 909, 910], "excluded_lines": [], "functions": {"get_cached_path": {"executed_lines": [], "summary": {"covered_lines": 0, "num_statements": 8, "percent_covered": 0.0, "percent_covered_display": "0", "missing_lines": 8, "excluded_lines": 0, "percent_statements_covered": 0.0, "percent_statements_covered_display": "0"}, "missing_lines": [108, 109, 110, 111, 112, 113, 114, 115], "excluded_lines": [], "start_line": 106}, "fetch_url": {"executed_lines": [], "summary": {"covered_lines": 0, "num_statements": 13, "percent_covered": 0.0, "percent_covered_display": "0", "missing_lines": 13, "excluded_lines": 0, "percent_statements_covered": 0.0, "percent_statements_covered_display": "0"}, "missing_lines": [119, 120, 121, 122, 123, 124, 125, 126, 127, 128, 129, 130, 131], "excluded_lines": [], "start_line": 117}, "fetch_response": {"executed_lines": [], "summary": {"covered_lines": 0, "num_statements": 11, "percent_covered": 0.0, "percent_covered_display": "0", "missing_lines": 11, "excluded_lines": 0, "percent_statements_covered": 0.0, "percent_statements_covered_display": "0"}, "missing_lines": [135, 136, 137, 138, 139, 140, 141, 142, 143, 144, 145], "excluded_lines": [], "start_line": 133}, "check_docker_image": {"executed_lines": [], "summary": {"covered_lines": 0, "num_statements": 21, "percent_covered": 0.0, "percent_covered_display": "0", "missing_lines": 21, "excluded_lines": 0, "percent_statements_covered": 0.0, "percent_statements_covered_display": "0"}, "missing_lines": [150, 151, 152, 153, 154, 156, 157, 158, 160, 162, 166, 167, 170, 174, 175, 176, 177, 178, 179, 180, 181], "excluded_lines": [], "start_line": 148}, "resolve_docker_image": {"executed_lines": [], "summary": {"covered_lines": 0, "num_statements": 18, "percent_covered": 0.0, "percent_covered_display": "0", "missing_lines": 18, "excluded_lines": 0, "percent_statements_covered": 0.0, "percent_statements_covered_display": "0"}, "missing_lines": [185, 186, 187, 188, 190, 191, 192, 194, 195, 199, 200, 201, 205, 206, 207, 208, 209, 210], "excluded_lines": [], "start_line": 183}, "check_npm_packages": {"executed_lines": [], "summary": {"covered_lines": 0, "num_statements": 13, "percent_covered": 0.0, "percent_covered_display": "0", "missing_lines": 13, "excluded_lines": 0, "percent_statements_covered": 0.0, "percent_statements_covered_display": "0"}, "missing_lines": [214, 215, 216, 217, 218, 219, 220, 221, 222, 223, 224, 225, 226], "excluded_lines": [], "start_line": 212}, "check_pip_packages": {"executed_lines": [], "summary": {"covered_lines": 0, "num_statements": 13, "percent_covered": 0.0, "percent_covered_display": "0", "missing_lines": 13, "excluded_lines": 0, "percent_statements_covered": 0.0, "percent_statements_covered_display": "0"}, "missing_lines": [230, 231, 232, 233, 234, 235, 236, 237, 238, 239, 240, 241, 242], "excluded_lines": [], "start_line": 228}, "check_script_packages": {"executed_lines": [], "summary": {"covered_lines": 0, "num_statements": 55, "percent_covered": 0.0, "percent_covered_display": "0", "missing_lines": 55, "excluded_lines": 0, "percent_statements_covered": 0.0, "percent_statements_covered_display": "0"}, "missing_lines": [246, 247, 248, 249, 250, 252, 253, 254, 255, 256, 257, 258, 259, 260, 261, 262, 263, 264, 265, 266, 267, 268, 269, 270, 271, 272, 273, 274, 275, 276, 277, 278, 279, 280, 281, 282, 283, 284, 285, 286, 287, 288, 289, 290, 291, 292, 293, 294, 296, 297, 299, 300, 301, 302, 303], "excluded_lines": [], "start_line": 244}, "resolve_script_version": {"executed_lines": [], "summary": {"covered_lines": 0, "num_statements": 49, "percent_covered": 0.0, "percent_covered_display": "0", "missing_lines": 49, "excluded_lines": 0, "percent_statements_covered": 0.0, "percent_statements_covered_display": "0"}, "missing_lines": [307, 308, 309, 310, 311, 312, 313, 314, 315, 316, 317, 318, 319, 320, 321, 322, 323, 324, 325, 326, 327, 328, 329, 330, 331, 332, 333, 334, 335, 336, 337, 338, 339, 340, 341, 342, 343, 344, 345, 346, 347, 348, 349, 350, 351, 352, 353, 354, 355], "excluded_lines": [], "start_line": 305}, "check_apt_packages": {"executed_lines": [], "summary": {"covered_lines": 0, "num_statements": 40, "percent_covered": 0.0, "percent_covered_display": "0", "missing_lines": 40, "excluded_lines": 0, "percent_statements_covered": 0.0, "percent_statements_covered_display": "0"}, "missing_lines": [359, 360, 363, 364, 367, 369, 370, 371, 372, 373, 374, 375, 376, 377, 379, 380, 381, 382, 383, 386, 388, 389, 392, 393, 394, 395, 396, 397, 398, 399, 401, 403, 404, 407, 408, 409, 410, 411, 412, 413], "excluded_lines": [], "start_line": 357}, "_dpkg_version_gt": {"executed_lines": [], "summary": {"covered_lines": 0, "num_statements": 2, "percent_covered": 0.0, "percent_covered_display": "0", "missing_lines": 2, "excluded_lines": 0, "percent_statements_covered": 0.0, "percent_statements_covered_display": "0"}, "missing_lines": [417, 418], "excluded_lines": [], "start_line": 415}, "fetch_debian_package_metadata": {"executed_lines": [], "summary": {"covered_lines": 0, "num_statements": 49, "percent_covered": 0.0, "percent_covered_display": "0", "missing_lines": 49, "excluded_lines": 0, "percent_statements_covered": 0.0, "percent_statements_covered_display": "0"}, "missing_lines": [423, 424, 425, 426, 427, 428, 430, 431, 432, 433, 434, 435, 436, 438, 439, 440, 441, 446, 447, 448, 450, 451, 452, 453, 454, 455, 457, 458, 459, 460, 462, 463, 464, 465, 466, 467, 468, 469, 471, 472, 473, 474, 475, 476, 477, 478, 479, 480, 481], "excluded_lines": [], "start_line": 421}, "fetch_debian_versions": {"executed_lines": [], "summary": {"covered_lines": 0, "num_statements": 2, "percent_covered": 0.0, "percent_covered_display": "0", "missing_lines": 2, "excluded_lines": 0, "percent_statements_covered": 0.0, "percent_statements_covered_display": "0"}, "missing_lines": [485, 486], "excluded_lines": [], "start_line": 483}, "resolve_apt_packages": {"executed_lines": [], "summary": {"covered_lines": 0, "num_statements": 29, "percent_covered": 0.0, "percent_covered_display": "0", "missing_lines": 29, "excluded_lines": 0, "percent_statements_covered": 0.0, "percent_statements_covered_display": "0"}, "missing_lines": [490, 491, 492, 496, 497, 499, 501, 502, 503, 504, 506, 507, 508, 509, 511, 512, 513, 514, 515, 516, 517, 518, 519, 521, 522, 523, 524, 526, 527], "excluded_lines": [], "start_line": 488}, "resolve_mapping_versions": {"executed_lines": [], "summary": {"covered_lines": 0, "num_statements": 18, "percent_covered": 0.0, "percent_covered_display": "0", "missing_lines": 18, "excluded_lines": 0, "percent_statements_covered": 0.0, "percent_statements_covered_display": "0"}, "missing_lines": [531, 532, 533, 534, 535, 536, 537, 538, 539, 540, 541, 543, 544, 545, 546, 547, 549, 550], "excluded_lines": [], "start_line": 529}, "resolve_versions": {"executed_lines": [], "summary": {"covered_lines": 0, "num_statements": 25, "percent_covered": 0.0, "percent_covered_display": "0", "missing_lines": 25, "excluded_lines": 0, "percent_statements_covered": 0.0, "percent_statements_covered_display": "0"}, "missing_lines": [554, 555, 556, 557, 558, 559, 561, 563, 567, 569, 573, 575, 576, 577, 578, 579, 580, 582, 583, 584, 585, 586, 588, 589, 590], "excluded_lines": [], "start_line": 552}, "write_versions": {"executed_lines": [], "summary": {"covered_lines": 0, "num_statements": 5, "percent_covered": 0.0, "percent_covered_display": "0", "missing_lines": 5, "excluded_lines": 0, "percent_statements_covered": 0.0, "percent_statements_covered_display": "0"}, "missing_lines": [594, 595, 596, 597, 599], "excluded_lines": [], "start_line": 592}, "collect_outdated": {"executed_lines": [], "summary": {"covered_lines": 0, "num_statements": 13, "percent_covered": 0.0, "percent_covered_display": "0", "missing_lines": 13, "excluded_lines": 0, "percent_statements_covered": 0.0, "percent_statements_covered_display": "0"}, "missing_lines": [604, 605, 606, 607, 608, 609, 610, 611, 612, 613, 614, 615, 616], "excluded_lines": [], "start_line": 602}, "format_outdated": {"executed_lines": [], "summary": {"covered_lines": 0, "num_statements": 19, "percent_covered": 0.0, "percent_covered_display": "0", "missing_lines": 19, "excluded_lines": 0, "percent_statements_covered": 0.0, "percent_statements_covered_display": "0"}, "missing_lines": [620, 621, 623, 624, 625, 626, 627, 628, 629, 630, 631, 632, 633, 634, 636, 640, 641, 642, 643], "excluded_lines": [], "start_line": 618}, "update_versions": {"executed_lines": [], "summary": {"covered_lines": 0, "num_statements": 22, "percent_covered": 0.0, "percent_covered_display": "0", "missing_lines": 22, "excluded_lines": 0, "percent_statements_covered": 0.0, "percent_statements_covered_display": "0"}, "missing_lines": [647, 648, 649, 650, 651, 652, 653, 654, 655, 656, 658, 659, 661, 662, 663, 664, 665, 666, 667, 668, 671, 672], "excluded_lines": [], "start_line": 645}, "highlight_version_diff": {"executed_lines": [], "summary": {"covered_lines": 0, "num_statements": 10, "percent_covered": 0.0, "percent_covered_display": "0", "missing_lines": 10, "excluded_lines": 0, "percent_statements_covered": 0.0, "percent_statements_covered_display": "0"}, "missing_lines": [676, 677, 679, 680, 682, 683, 684, 685, 687, 689], "excluded_lines": [], "start_line": 674}, "format_package_line": {"executed_lines": [], "summary": {"covered_lines": 0, "num_statements": 16, "percent_covered": 0.0, "percent_covered_display": "0", "missing_lines": 16, "excluded_lines": 0, "percent_statements_covered": 0.0, "percent_statements_covered_display": "0"}, "missing_lines": [695, 696, 697, 698, 699, 700, 701, 704, 707, 708, 710, 713, 717, 718, 720, 721], "excluded_lines": [], "start_line": 692}, "select_packages_interactive": {"executed_lines": [], "summary": {"covered_lines": 0, "num_statements": 38, "percent_covered": 0.0, "percent_covered_display": "0", "missing_lines": 38, "excluded_lines": 0, "percent_statements_covered": 0.0, "percent_statements_covered_display": "0"}, "missing_lines": [737, 738, 741, 742, 743, 744, 746, 747, 748, 749, 751, 752, 755, 756, 757, 758, 759, 760, 762, 806, 808, 809, 813, 814, 818, 819, 825, 826, 832, 833, 836, 837, 838, 843, 844, 845, 846, 849], "excluded_lines": [], "start_line": 724}, "select_packages_interactive.get_formatted_text": {"executed_lines": [], "summary": {"covered_lines": 0, "num_statements": 24, "percent_covered": 0.0, "percent_covered_display": "0", "missing_lines": 24, "excluded_lines": 0, "percent_statements_covered": 0.0, "percent_statements_covered_display": "0"}, "missing_lines": [763, 772, 773, 774, 776, 778, 779, 781, 783, 784, 785, 786, 789, 790, 791, 792, 793, 794, 796, 797, 798, 800, 801, 803], "excluded_lines": [], "start_line": 762}, "select_packages_interactive._": {"executed_lines": [], "summary": {"covered_lines": 0, "num_statements": 2, "percent_covered": 0.0, "percent_covered_display": "0", "missing_lines": 2, "excluded_lines": 0, "percent_statements_covered": 0.0, "percent_statements_covered_display": "0"}, "missing_lines": [839, 840], "excluded_lines": [], "start_line": 838}, "main": {"executed_lines": [], "summary": {"covered_lines": 0, "num_statements": 41, "percent_covered": 0.0, "percent_covered_display": "0", "missing_lines": 41, "excluded_lines": 0, "percent_statements_covered": 0.0, "percent_statements_covered_display": "0"}, "missing_lines": [853, 854, 855, 856, 857, 860, 861, 862, 863, 865, 866, 867, 869, 870, 872, 873, 874, 875, 876, 877, 878, 879, 880, 883, 884, 885, 886, 889, 890, 891, 892, 893, 895, 897, 898, 899, 901, 902, 903, 906, 907], "excluded_lines": [], "start_line": 852}, "": {"executed_lines": [], "summary": {"covered_lines": 0, "num_statements": 79, "percent_covered": 0.0, "percent_covered_display": "0", "missing_lines": 79, "excluded_lines": 0, "percent_statements_covered": 0.0, "percent_statements_covered_display": "0"}, "missing_lines": [42, 43, 44, 45, 46, 47, 48, 49, 52, 53, 54, 55, 56, 58, 59, 60, 61, 62, 63, 64, 65, 66, 67, 68, 69, 70, 73, 74, 75, 76, 78, 79, 80, 81, 82, 84, 85, 86, 87, 88, 89, 90, 91, 92, 93, 96, 97, 98, 99, 100, 101, 102, 103, 106, 117, 133, 148, 183, 212, 228, 244, 305, 357, 415, 421, 483, 488, 529, 552, 592, 602, 618, 645, 674, 692, 724, 852, 909, 910], "excluded_lines": [], "start_line": 1}}, "classes": {"": {"executed_lines": [], "summary": {"covered_lines": 0, "num_statements": 644, "percent_covered": 0.0, "percent_covered_display": "0", "missing_lines": 644, "excluded_lines": 0, "percent_statements_covered": 0.0, "percent_statements_covered_display": "0"}, "missing_lines": [42, 43, 44, 45, 46, 47, 48, 49, 52, 53, 54, 55, 56, 58, 59, 60, 61, 62, 63, 64, 65, 66, 67, 68, 69, 70, 73, 74, 75, 76, 78, 79, 80, 81, 82, 84, 85, 86, 87, 88, 89, 90, 91, 92, 93, 96, 97, 98, 99, 100, 101, 102, 103, 106, 108, 109, 110, 111, 112, 113, 114, 115, 117, 119, 120, 121, 122, 123, 124, 125, 126, 127, 128, 129, 130, 131, 133, 135, 136, 137, 138, 139, 140, 141, 142, 143, 144, 145, 148, 150, 151, 152, 153, 154, 156, 157, 158, 160, 162, 166, 167, 170, 174, 175, 176, 177, 178, 179, 180, 181, 183, 185, 186, 187, 188, 190, 191, 192, 194, 195, 199, 200, 201, 205, 206, 207, 208, 209, 210, 212, 214, 215, 216, 217, 218, 219, 220, 221, 222, 223, 224, 225, 226, 228, 230, 231, 232, 233, 234, 235, 236, 237, 238, 239, 240, 241, 242, 244, 246, 247, 248, 249, 250, 252, 253, 254, 255, 256, 257, 258, 259, 260, 261, 262, 263, 264, 265, 266, 267, 268, 269, 270, 271, 272, 273, 274, 275, 276, 277, 278, 279, 280, 281, 282, 283, 284, 285, 286, 287, 288, 289, 290, 291, 292, 293, 294, 296, 297, 299, 300, 301, 302, 303, 305, 307, 308, 309, 310, 311, 312, 313, 314, 315, 316, 317, 318, 319, 320, 321, 322, 323, 324, 325, 326, 327, 328, 329, 330, 331, 332, 333, 334, 335, 336, 337, 338, 339, 340, 341, 342, 343, 344, 345, 346, 347, 348, 349, 350, 351, 352, 353, 354, 355, 357, 359, 360, 363, 364, 367, 369, 370, 371, 372, 373, 374, 375, 376, 377, 379, 380, 381, 382, 383, 386, 388, 389, 392, 393, 394, 395, 396, 397, 398, 399, 401, 403, 404, 407, 408, 409, 410, 411, 412, 413, 415, 417, 418, 421, 423, 424, 425, 426, 427, 428, 430, 431, 432, 433, 434, 435, 436, 438, 439, 440, 441, 446, 447, 448, 450, 451, 452, 453, 454, 455, 457, 458, 459, 460, 462, 463, 464, 465, 466, 467, 468, 469, 471, 472, 473, 474, 475, 476, 477, 478, 479, 480, 481, 483, 485, 486, 488, 490, 491, 492, 496, 497, 499, 501, 502, 503, 504, 506, 507, 508, 509, 511, 512, 513, 514, 515, 516, 517, 518, 519, 521, 522, 523, 524, 526, 527, 529, 531, 532, 533, 534, 535, 536, 537, 538, 539, 540, 541, 543, 544, 545, 546, 547, 549, 550, 552, 554, 555, 556, 557, 558, 559, 561, 563, 567, 569, 573, 575, 576, 577, 578, 579, 580, 582, 583, 584, 585, 586, 588, 589, 590, 592, 594, 595, 596, 597, 599, 602, 604, 605, 606, 607, 608, 609, 610, 611, 612, 613, 614, 615, 616, 618, 620, 621, 623, 624, 625, 626, 627, 628, 629, 630, 631, 632, 633, 634, 636, 640, 641, 642, 643, 645, 647, 648, 649, 650, 651, 652, 653, 654, 655, 656, 658, 659, 661, 662, 663, 664, 665, 666, 667, 668, 671, 672, 674, 676, 677, 679, 680, 682, 683, 684, 685, 687, 689, 692, 695, 696, 697, 698, 699, 700, 701, 704, 707, 708, 710, 713, 717, 718, 720, 721, 724, 737, 738, 741, 742, 743, 744, 746, 747, 748, 749, 751, 752, 755, 756, 757, 758, 759, 760, 762, 763, 772, 773, 774, 776, 778, 779, 781, 783, 784, 785, 786, 789, 790, 791, 792, 793, 794, 796, 797, 798, 800, 801, 803, 806, 808, 809, 811, 813, 814, 816, 818, 819, 820, 821, 823, 825, 826, 827, 828, 830, 832, 833, 834, 836, 837, 838, 839, 840, 843, 844, 845, 846, 849, 852, 853, 854, 855, 856, 857, 860, 861, 862, 863, 865, 866, 867, 869, 870, 872, 873, 874, 875, 876, 877, 878, 879, 880, 883, 884, 885, 886, 889, 890, 891, 892, 893, 895, 897, 898, 899, 901, 902, 903, 906, 907, 909, 910], "excluded_lines": [], "start_line": 1}}}}, "totals": {"covered_lines": 2, "num_statements": 646, "percent_covered": 0.30959752321981426, "percent_covered_display": "1", "missing_lines": 644, "excluded_lines": 0, "percent_statements_covered": 0.30959752321981426, "percent_statements_covered_display": "1"}}